android/app/proguard-rules.pro
# Flutter and Dart
-keep class io.flutter.app.** { *; }
-keep class io.flutter.plugin.** { *; }
-keep class io.flutter.util.** { *; }
-keep class io.flutter.view.** { *; }
-keep class io.flutter.** { *; }
-keep class io.flutter.plugins.** { *; }

# Play Core (for Flutter)
-keep class com.google.android.play.core.** { *; }
-dontwarn com.google.android.play.core.**

# Dio
-keep class okhttp3.** { *; }
-keep interface okhttp3.** { *; }
-dontwarn okhttp3.**
-keep class okio.** { *; }
-dontwarn okio.**

# Gson
-keepattributes Signature
-keepattributes *Annotation*
-dontwarn sun.misc.**
-keep class com.google.gson.** { *; }
-keep class * implements com.google.gson.TypeAdapterFactory
-keep class * implements com.google.gson.JsonSerializer
-keep class * implements com.google.gson.JsonDeserializer

# JSON Serializable
-keepclassmembers class * {
  @com.google.gson.annotations.SerializedName <fields>;
}

# Hive
-keep class * extends hive.HiveObject
-keep class * extends hive_flutter.HiveObject
-keepclassmembers class * extends hive.HiveObject {
    <fields>;
}

# Models - Keep all model classes
-keep class com.zhun.readquran.** { *; }
-keepclassmembers class * {
    @com.google.gson.annotations.SerializedName <fields>;
    @com.google.gson.annotations.Expose <fields>;
}

# Network
-dontwarn javax.annotation.**
-keepnames class okhttp3.internal.publicsuffix.PublicSuffixDatabase

# Connectivity Plus
-keep class androidx.core.** { *; }

# Audio Players
-keep class com.google.android.exoplayer2.** { *; }
-dontwarn com.google.android.exoplayer2.**

# General
-keepattributes SourceFile,LineNumberTable
-keep class * extends java.lang.Exception
-printmapping mapping.txt

# Remove logging in release
-assumenosideeffects class android.util.Log {
    public static *** d(...);
    public static *** v(...);
    public static *** i(...);
}