android/app/mapping.txt
# compiler: R8
# compiler_version: 8.11.18
# min_api: 24
# common_typos_disable
# {"id":"com.android.tools.r8.mapping","version":"2.2"}
# pg_map_id: 7d88491
# pg_map_hash: SHA-256 7d88491aeba633e204d6403dabc9481e646caf9af273be4188e24af4ed661d3c
com.zhun.readquran.MainActivity -> com.zhun.readquran.MainActivity:
# {"id":"sourceFile","fileName":"MainActivity.kt"}
    1:4:void <init>():5:5 -> <init>
...
androidx.lifecycle.ReportFragment$LifecycleCallbacks -> androidx.lifecycle.y$a:
# {"id":"sourceFile","fileName":"ReportFragment.kt"}
    androidx.lifecycle.ReportFragment$LifecycleCallbacks$Companion Companion -> Companion
      # {"id":"com.android.tools.r8.residualsignature","signature":"Landroidx/lifecycle/x;"}
    3:5:void androidx.lifecycle.ReportFragment$LifecycleCallbacks$Companion.<init>():151:151 -> <clinit>
    3:5:void androidx.lifecycle.ReportFragment$LifecycleCallbacks$Companion.<init>(kotlin.jvm.internal.DefaultConstructorMarker):0 -> <clinit>
    3:5:void <clinit>():0 -> <clinit>
    6:8:void <clinit>():0:0 -> <clinit>
    1:4:void <init>():102:102 -> <init>
    6:13:void onActivityPostCreated(android.app.Activity,android.os.Bundle):113:113 -> onActivityPostCreated
    6:13:void onActivityPostResumed(android.app.Activity):125:125 -> onActivityPostResumed
    6:13:void onActivityPostStarted(android.app.Activity):119:119 -> onActivityPostStarted
    6:13:void onActivityPreDestroyed(android.app.Activity):146:146 -> onActivityPreDestroyed
    6:13:void onActivityPrePaused(android.app.Activity):129:129 -> onActivityPrePaused
    6:13:void onActivityPreStopped(android.app.Activity):135:135 -> onActivityPreStopped
    11:19:void androidx.lifecycle.ReportFragment$LifecycleCallbacks$Companion.registerIn(android.app.Activity):154:154 -> registerIn
    11:19:void registerIn(android.app.Activity):0 -> registerIn
androidx.lifecycle.ReportFragment$LifecycleCallbacks$Companion -> androidx.lifecycle.x:
# {"id":"sourceFile","fileName":"ReportFragment.kt"}
androidx.lifecycle.SavedStateHandle -> androidx.lifecycle.z:
# {"id":"sourceFile","fileName":"SavedStateHandle.kt"}
    java.util.Map regular -> a
      # {"id":"com.android.tools.r8.residualsignature","signature":"Ljava/util/LinkedHashMap;"}
    java.util.Map savedStateProviders -> b
      # {"id":"com.android.tools.r8.residualsignature","signature":"Ljava/util/LinkedHashMap;"}
    java.util.Map liveDatas -> c
      # {"id":"com.android.tools.r8.residualsignature","signature":"Ljava/util/LinkedHashMap;"}
    java.util.Map flows -> d
      # {"id":"com.android.tools.r8.residualsignature","signature":"Ljava/util/LinkedHashMap;"}
    androidx.savedstate.SavedStateRegistry$SavedStateProvider savedStateProvider -> e
      # {"id":"com.android.tools.r8.residualsignature","signature":"LD0/e;"}
    java.lang.Class[] ACCEPTABLE_CLASSES -> f
    1:2:void <clinit>():478:478 -> <clinit>
    3:62:void <clinit>():482:482 -> <clinit>
    63:65:void <clinit>():449:449 -> <clinit>
    1:1:void <init>(java.util.Map):79:79 -> <init>
      # {"id":"com.android.tools.r8.residualsignature","signature":"(Ljava/util/HashMap;)V"}
    2:2:void <init>():50:50 -> <init>
    2:2:void <init>(java.util.Map):50 -> <init>
    3:3:void <init>():51:51 -> <init>
    3:3:void <init>(java.util.Map):51 -> <init>
    4:4:void <init>():52:52 -> <init>
    4:4:void <init>(java.util.Map):52 -> <init>
    5:5:void <init>():53:53 -> <init>
    5:5:void <init>(java.util.Map):53 -> <init>